mode: set
github.com/example/k8s-operator/api/v1/mltraining_types.go:265.13,267.2 1 0
github.com/example/k8s-operator/api/v1/zz_generated.deepcopy.go:30.65,32.23 2 0
github.com/example/k8s-operator/api/v1/zz_generated.deepcopy.go:32.23,36.3 3 0
github.com/example/k8s-operator/api/v1/zz_generated.deepcopy.go:40.58,41.15 1 0
github.com/example/k8s-operator/api/v1/zz_generated.deepcopy.go:41.15,43.3 1 0
github.com/example/k8s-operator/api/v1/zz_generated.deepcopy.go:44.2,46.12 3 0
github.com/example/k8s-operator/api/v1/zz_generated.deepcopy.go:50.71,52.2 1 0
github.com/example/k8s-operator/api/v1/zz_generated.deepcopy.go:55.64,56.15 1 0
github.com/example/k8s-operator/api/v1/zz_generated.deepcopy.go:56.15,58.3 1 0
github.com/example/k8s-operator/api/v1/zz_generated.deepcopy.go:59.2,61.12 3 0
github.com/example/k8s-operator/api/v1/zz_generated.deepcopy.go:65.65,67.2 1 0
github.com/example/k8s-operator/api/v1/zz_generated.deepcopy.go:70.58,71.15 1 0
github.com/example/k8s-operator/api/v1/zz_generated.deepcopy.go:71.15,73.3 1 0
github.com/example/k8s-operator/api/v1/zz_generated.deepcopy.go:74.2,76.12 3 0
github.com/example/k8s-operator/api/v1/zz_generated.deepcopy.go:80.65,82.2 1 0
github.com/example/k8s-operator/api/v1/zz_generated.deepcopy.go:85.58,86.15 1 0
github.com/example/k8s-operator/api/v1/zz_generated.deepcopy.go:86.15,88.3 1 0
github.com/example/k8s-operator/api/v1/zz_generated.deepcopy.go:89.2,91.12 3 0
github.com/example/k8s-operator/api/v1/zz_generated.deepcopy.go:95.61,97.2 1 0
github.com/example/k8s-operator/api/v1/zz_generated.deepcopy.go:100.54,101.15 1 0
github.com/example/k8s-operator/api/v1/zz_generated.deepcopy.go:101.15,103.3 1 0
github.com/example/k8s-operator/api/v1/zz_generated.deepcopy.go:104.2,106.12 3 0
github.com/example/k8s-operator/api/v1/zz_generated.deepcopy.go:110.65,112.28 2 0
github.com/example/k8s-operator/api/v1/zz_generated.deepcopy.go:112.28,115.29 3 0
github.com/example/k8s-operator/api/v1/zz_generated.deepcopy.go:115.29,117.4 1 0
github.com/example/k8s-operator/api/v1/zz_generated.deepcopy.go:119.2,119.27 1 0
github.com/example/k8s-operator/api/v1/zz_generated.deepcopy.go:119.27,122.22 3 0
github.com/example/k8s-operator/api/v1/zz_generated.deepcopy.go:122.22,124.4 1 0
github.com/example/k8s-operator/api/v1/zz_generated.deepcopy.go:129.58,130.15 1 0
github.com/example/k8s-operator/api/v1/zz_generated.deepcopy.go:130.15,132.3 1 0
github.com/example/k8s-operator/api/v1/zz_generated.deepcopy.go:133.2,135.12 3 0
github.com/example/k8s-operator/api/v1/zz_generated.deepcopy.go:139.59,141.2 1 0
github.com/example/k8s-operator/api/v1/zz_generated.deepcopy.go:144.52,145.15 1 0
github.com/example/k8s-operator/api/v1/zz_generated.deepcopy.go:145.15,147.3 1 0
github.com/example/k8s-operator/api/v1/zz_generated.deepcopy.go:148.2,150.12 3 0
github.com/example/k8s-operator/api/v1/zz_generated.deepcopy.go:154.55,160.2 5 0
github.com/example/k8s-operator/api/v1/zz_generated.deepcopy.go:163.48,164.15 1 0
github.com/example/k8s-operator/api/v1/zz_generated.deepcopy.go:164.15,166.3 1 0
github.com/example/k8s-operator/api/v1/zz_generated.deepcopy.go:167.2,169.12 3 0
github.com/example/k8s-operator/api/v1/zz_generated.deepcopy.go:173.56,174.34 1 0
github.com/example/k8s-operator/api/v1/zz_generated.deepcopy.go:174.34,176.3 1 0
github.com/example/k8s-operator/api/v1/zz_generated.deepcopy.go:177.2,177.12 1 0
github.com/example/k8s-operator/api/v1/zz_generated.deepcopy.go:181.63,185.21 4 0
github.com/example/k8s-operator/api/v1/zz_generated.deepcopy.go:185.21,188.22 3 0
github.com/example/k8s-operator/api/v1/zz_generated.deepcopy.go:188.22,190.4 1 0
github.com/example/k8s-operator/api/v1/zz_generated.deepcopy.go:195.56,196.15 1 0
github.com/example/k8s-operator/api/v1/zz_generated.deepcopy.go:196.15,198.3 1 0
github.com/example/k8s-operator/api/v1/zz_generated.deepcopy.go:199.2,201.12 3 0
github.com/example/k8s-operator/api/v1/zz_generated.deepcopy.go:205.60,206.34 1 0
github.com/example/k8s-operator/api/v1/zz_generated.deepcopy.go:206.34,208.3 1 0
github.com/example/k8s-operator/api/v1/zz_generated.deepcopy.go:209.2,209.12 1 0
github.com/example/k8s-operator/api/v1/zz_generated.deepcopy.go:213.63,215.23 2 0
github.com/example/k8s-operator/api/v1/zz_generated.deepcopy.go:215.23,219.3 3 0
github.com/example/k8s-operator/api/v1/zz_generated.deepcopy.go:220.2,220.20 1 0
github.com/example/k8s-operator/api/v1/zz_generated.deepcopy.go:220.20,224.3 3 0
github.com/example/k8s-operator/api/v1/zz_generated.deepcopy.go:225.2,225.19 1 0
github.com/example/k8s-operator/api/v1/zz_generated.deepcopy.go:225.19,228.22 3 0
github.com/example/k8s-operator/api/v1/zz_generated.deepcopy.go:228.22,230.4 1 0
github.com/example/k8s-operator/api/v1/zz_generated.deepcopy.go:232.2,233.31 2 0
github.com/example/k8s-operator/api/v1/zz_generated.deepcopy.go:233.31,236.29 3 0
github.com/example/k8s-operator/api/v1/zz_generated.deepcopy.go:236.29,238.4 1 0
github.com/example/k8s-operator/api/v1/zz_generated.deepcopy.go:240.2,240.26 1 0
github.com/example/k8s-operator/api/v1/zz_generated.deepcopy.go:240.26,244.3 3 0
github.com/example/k8s-operator/api/v1/zz_generated.deepcopy.go:245.2,245.26 1 0
github.com/example/k8s-operator/api/v1/zz_generated.deepcopy.go:245.26,249.3 3 0
github.com/example/k8s-operator/api/v1/zz_generated.deepcopy.go:250.2,250.26 1 0
github.com/example/k8s-operator/api/v1/zz_generated.deepcopy.go:250.26,254.3 3 0
github.com/example/k8s-operator/api/v1/zz_generated.deepcopy.go:255.2,255.26 1 0
github.com/example/k8s-operator/api/v1/zz_generated.deepcopy.go:255.26,259.3 3 0
github.com/example/k8s-operator/api/v1/zz_generated.deepcopy.go:260.2,260.29 1 0
github.com/example/k8s-operator/api/v1/zz_generated.deepcopy.go:260.29,264.3 3 0
github.com/example/k8s-operator/api/v1/zz_generated.deepcopy.go:268.56,269.15 1 0
github.com/example/k8s-operator/api/v1/zz_generated.deepcopy.go:269.15,271.3 1 0
github.com/example/k8s-operator/api/v1/zz_generated.deepcopy.go:272.2,274.12 3 0
github.com/example/k8s-operator/api/v1/zz_generated.deepcopy.go:278.67,280.26 2 0
github.com/example/k8s-operator/api/v1/zz_generated.deepcopy.go:280.26,283.22 3 0
github.com/example/k8s-operator/api/v1/zz_generated.deepcopy.go:283.22,285.4 1 0
github.com/example/k8s-operator/api/v1/zz_generated.deepcopy.go:287.2,289.25 3 0
github.com/example/k8s-operator/api/v1/zz_generated.deepcopy.go:289.25,292.3 2 0
github.com/example/k8s-operator/api/v1/zz_generated.deepcopy.go:293.2,293.30 1 0
github.com/example/k8s-operator/api/v1/zz_generated.deepcopy.go:293.30,296.3 2 0
github.com/example/k8s-operator/api/v1/zz_generated.deepcopy.go:300.60,301.15 1 0
github.com/example/k8s-operator/api/v1/zz_generated.deepcopy.go:301.15,303.3 1 0
github.com/example/k8s-operator/api/v1/zz_generated.deepcopy.go:304.2,306.12 3 0
github.com/example/k8s-operator/api/v1/zz_generated.deepcopy.go:310.57,312.2 1 0
github.com/example/k8s-operator/api/v1/zz_generated.deepcopy.go:315.50,316.15 1 0
github.com/example/k8s-operator/api/v1/zz_generated.deepcopy.go:316.15,318.3 1 0
github.com/example/k8s-operator/api/v1/zz_generated.deepcopy.go:319.2,321.12 3 0
github.com/example/k8s-operator/cmd/main.go:51.103,57.16 4 0
github.com/example/k8s-operator/cmd/main.go:57.16,58.29 1 0
github.com/example/k8s-operator/cmd/main.go:58.29,62.4 1 0
github.com/example/k8s-operator/cmd/main.go:64.3,64.28 1 0
github.com/example/k8s-operator/cmd/main.go:68.2,68.36 1 0
github.com/example/k8s-operator/cmd/main.go:68.36,70.61 2 0
github.com/example/k8s-operator/cmd/main.go:70.61,72.4 1 0
github.com/example/k8s-operator/cmd/main.go:73.3,73.41 1 0
github.com/example/k8s-operator/cmd/main.go:77.2,79.42 3 0
github.com/example/k8s-operator/cmd/main.go:79.42,85.81 3 0
github.com/example/k8s-operator/cmd/main.go:85.81,87.4 1 0
github.com/example/k8s-operator/cmd/main.go:89.3,90.44 2 0
github.com/example/k8s-operator/cmd/main.go:90.44,92.4 1 0
github.com/example/k8s-operator/cmd/main.go:95.3,101.80 5 0
github.com/example/k8s-operator/cmd/main.go:101.80,103.4 1 0
github.com/example/k8s-operator/cmd/main.go:104.3,104.43 1 0
github.com/example/k8s-operator/cmd/main.go:104.43,106.4 1 0
github.com/example/k8s-operator/cmd/main.go:109.3,109.38 1 0
github.com/example/k8s-operator/cmd/main.go:109.38,112.82 3 0
github.com/example/k8s-operator/cmd/main.go:112.82,114.5 1 0
github.com/example/k8s-operator/cmd/main.go:115.4,115.45 1 0
github.com/example/k8s-operator/cmd/main.go:115.45,117.5 1 0
github.com/example/k8s-operator/cmd/main.go:120.3,124.61 3 0
github.com/example/k8s-operator/cmd/main.go:124.61,126.4 1 0
github.com/example/k8s-operator/cmd/main.go:128.3,128.41 1 0
github.com/example/k8s-operator/cmd/main.go:129.8,129.23 1 0
github.com/example/k8s-operator/cmd/main.go:129.23,131.3 1 0
github.com/example/k8s-operator/cmd/main.go:134.2,134.85 1 0
github.com/example/k8s-operator/cmd/main.go:134.85,135.36 1 0
github.com/example/k8s-operator/cmd/main.go:135.36,137.47 1 0
github.com/example/k8s-operator/cmd/main.go:137.47,141.5 3 0
github.com/example/k8s-operator/cmd/main.go:142.9,142.40 1 0
github.com/example/k8s-operator/cmd/main.go:142.40,145.97 2 0
github.com/example/k8s-operator/cmd/main.go:145.97,147.5 1 0
github.com/example/k8s-operator/cmd/main.go:149.4,149.46 1 0
github.com/example/k8s-operator/cmd/main.go:149.46,155.5 5 0
github.com/example/k8s-operator/cmd/main.go:156.9,156.40 1 0
github.com/example/k8s-operator/cmd/main.go:156.40,157.45 1 0
github.com/example/k8s-operator/cmd/main.go:157.45,161.5 3 0
github.com/example/k8s-operator/cmd/main.go:165.3,174.61 5 0
github.com/example/k8s-operator/cmd/main.go:174.61,176.4 1 0
github.com/example/k8s-operator/cmd/main.go:179.2,179.57 1 0
github.com/example/k8s-operator/cmd/main.go:183.74,190.2 1 0
github.com/example/k8s-operator/internal/controller/mltraining_controller.go:51.103,57.16 4 0
github.com/example/k8s-operator/internal/controller/mltraining_controller.go:57.16,58.29 1 0
github.com/example/k8s-operator/internal/controller/mltraining_controller.go:58.29,62.4 1 0
github.com/example/k8s-operator/internal/controller/mltraining_controller.go:64.3,64.28 1 0
github.com/example/k8s-operator/internal/controller/mltraining_controller.go:68.2,68.36 1 0
github.com/example/k8s-operator/internal/controller/mltraining_controller.go:68.36,70.61 2 0
github.com/example/k8s-operator/internal/controller/mltraining_controller.go:70.61,72.4 1 0
github.com/example/k8s-operator/internal/controller/mltraining_controller.go:73.3,73.41 1 0
github.com/example/k8s-operator/internal/controller/mltraining_controller.go:77.2,79.42 3 0
github.com/example/k8s-operator/internal/controller/mltraining_controller.go:79.42,85.81 3 0
github.com/example/k8s-operator/internal/controller/mltraining_controller.go:85.81,87.4 1 0
github.com/example/k8s-operator/internal/controller/mltraining_controller.go:89.3,90.44 2 0
github.com/example/k8s-operator/internal/controller/mltraining_controller.go:90.44,92.4 1 0
github.com/example/k8s-operator/internal/controller/mltraining_controller.go:95.3,101.80 5 0
github.com/example/k8s-operator/internal/controller/mltraining_controller.go:101.80,103.4 1 0
github.com/example/k8s-operator/internal/controller/mltraining_controller.go:104.3,104.43 1 0
github.com/example/k8s-operator/internal/controller/mltraining_controller.go:104.43,106.4 1 0
github.com/example/k8s-operator/internal/controller/mltraining_controller.go:109.3,109.38 1 0
github.com/example/k8s-operator/internal/controller/mltraining_controller.go:109.38,112.82 3 0
github.com/example/k8s-operator/internal/controller/mltraining_controller.go:112.82,114.5 1 0
github.com/example/k8s-operator/internal/controller/mltraining_controller.go:115.4,115.45 1 0
github.com/example/k8s-operator/internal/controller/mltraining_controller.go:115.45,117.5 1 0
github.com/example/k8s-operator/internal/controller/mltraining_controller.go:120.3,124.61 3 0
github.com/example/k8s-operator/internal/controller/mltraining_controller.go:124.61,126.4 1 0
github.com/example/k8s-operator/internal/controller/mltraining_controller.go:128.3,128.41 1 0
github.com/example/k8s-operator/internal/controller/mltraining_controller.go:129.8,129.23 1 0
github.com/example/k8s-operator/internal/controller/mltraining_controller.go:129.23,131.3 1 0
github.com/example/k8s-operator/internal/controller/mltraining_controller.go:134.2,134.85 1 0
github.com/example/k8s-operator/internal/controller/mltraining_controller.go:134.85,135.36 1 0
github.com/example/k8s-operator/internal/controller/mltraining_controller.go:135.36,137.47 1 0
github.com/example/k8s-operator/internal/controller/mltraining_controller.go:137.47,141.5 3 0
github.com/example/k8s-operator/internal/controller/mltraining_controller.go:142.9,142.40 1 0
github.com/example/k8s-operator/internal/controller/mltraining_controller.go:142.40,145.97 2 0
github.com/example/k8s-operator/internal/controller/mltraining_controller.go:145.97,147.5 1 0
github.com/example/k8s-operator/internal/controller/mltraining_controller.go:149.4,149.46 1 0
github.com/example/k8s-operator/internal/controller/mltraining_controller.go:149.46,155.5 5 0
github.com/example/k8s-operator/internal/controller/mltraining_controller.go:156.9,156.40 1 0
github.com/example/k8s-operator/internal/controller/mltraining_controller.go:156.40,157.45 1 0
github.com/example/k8s-operator/internal/controller/mltraining_controller.go:157.45,161.5 3 0
github.com/example/k8s-operator/internal/controller/mltraining_controller.go:165.3,174.61 5 0
github.com/example/k8s-operator/internal/controller/mltraining_controller.go:174.61,176.4 1 0
github.com/example/k8s-operator/internal/controller/mltraining_controller.go:179.2,179.57 1 0
github.com/example/k8s-operator/internal/controller/mltraining_controller.go:183.74,190.2 1 0
github.com/example/k8s-operator/internal/resources/configmap.go:16.46,18.2 1 0
github.com/example/k8s-operator/internal/resources/configmap.go:20.89,32.42 4 0
github.com/example/k8s-operator/internal/resources/configmap.go:32.42,34.17 2 0
github.com/example/k8s-operator/internal/resources/configmap.go:34.17,36.4 1 0
github.com/example/k8s-operator/internal/resources/configmap.go:39.2,39.37 1 0
github.com/example/k8s-operator/internal/resources/configmap.go:39.37,42.3 2 0
github.com/example/k8s-operator/internal/resources/configmap.go:44.2,51.3 1 0
github.com/example/k8s-operator/internal/resources/job.go:16.34,18.2 1 0
github.com/example/k8s-operator/internal/resources/job.go:20.72,47.2 6 0
github.com/example/k8s-operator/internal/resources/job.go:49.117,59.37 4 0
github.com/example/k8s-operator/internal/resources/job.go:59.37,62.46 3 0
github.com/example/k8s-operator/internal/resources/job.go:62.46,64.4 1 0
github.com/example/k8s-operator/internal/resources/job.go:67.2,72.3 1 0
github.com/example/k8s-operator/internal/resources/job.go:75.83,77.17 2 0
github.com/example/k8s-operator/internal/resources/job.go:77.17,79.3 1 0
github.com/example/k8s-operator/internal/resources/job.go:81.2,85.98 3 0
github.com/example/k8s-operator/internal/resources/job.go:85.98,87.21 2 0
github.com/example/k8s-operator/internal/resources/job.go:87.21,89.39 2 0
github.com/example/k8s-operator/internal/resources/job.go:89.39,91.5 1 0
github.com/example/k8s-operator/internal/resources/job.go:92.4,99.5 1 0
github.com/example/k8s-operator/internal/resources/job.go:103.2,114.3 3 0
github.com/example/k8s-operator/internal/resources/job.go:117.79,153.73 3 0
github.com/example/k8s-operator/internal/resources/job.go:153.73,154.55 1 0
github.com/example/k8s-operator/internal/resources/job.go:154.55,159.4 1 0
github.com/example/k8s-operator/internal/resources/job.go:160.3,160.50 1 0
github.com/example/k8s-operator/internal/resources/job.go:160.50,165.4 1 0
github.com/example/k8s-operator/internal/resources/job.go:168.2,168.16 1 0
github.com/example/k8s-operator/internal/resources/job.go:171.79,185.73 2 0
github.com/example/k8s-operator/internal/resources/job.go:185.73,186.96 1 0
github.com/example/k8s-operator/internal/resources/job.go:186.96,188.21 2 0
github.com/example/k8s-operator/internal/resources/job.go:188.21,190.5 1 0
github.com/example/k8s-operator/internal/resources/job.go:191.4,198.6 1 0
github.com/example/k8s-operator/internal/resources/job.go:203.2,203.16 1 0
github.com/example/k8s-operator/internal/resources/job.go:206.89,215.73 2 0
github.com/example/k8s-operator/internal/resources/job.go:215.73,220.3 1 0
github.com/example/k8s-operator/internal/resources/job.go:222.2,222.15 1 0
github.com/example/k8s-operator/internal/resources/job.go:225.58,231.2 1 0
github.com/example/k8s-operator/internal/resources/service.go:13.42,15.2 1 0
github.com/example/k8s-operator/internal/resources/service.go:17.83,22.37 4 0
github.com/example/k8s-operator/internal/resources/service.go:22.37,24.3 1 0
github.com/example/k8s-operator/internal/resources/service.go:26.2,44.3 1 0
github.com/example/k8s-operator/internal/metrics/metrics.go:42.13,45.2 1 0
